
> frontend@0.0.0 dev
> vite


  VITE v7.2.6  ready in 218 ms

  ➜  Local:   http://localhost:5173/
  ➜  Network: use --host to expose
3:31:49 PM [vite] (client) Pre-transform error: /Users/zhutianyu/Documents/code/Devops/frontend/src/pages/AllTodosPage.tsx: Identifier 'stripHtml' has already been declared. (143:6)

  141 | };
  142 |
> 143 | const stripHtml = (html: string): string => {
      |       ^
  144 |   if (!html) return "";
  145 |   return html.replace(/<[^>]*>/g, " ").replace(/\s+/g, " ").trim();
  146 | };
  Plugin: vite:react-babel
  File: /Users/zhutianyu/Documents/code/Devops/frontend/src/pages/AllTodosPage.tsx:143:6
  141 |  };
  142 |  
  143 |  const stripHtml = (html: string): string => {
      |        ^
  144 |    if (!html) return "";
  145 |    return html.replace(/<[^>]*>/g, " ").replace(/\s+/g, " ").trim();
3:31:49 PM [vite] Internal server error: /Users/zhutianyu/Documents/code/Devops/frontend/src/pages/AllTodosPage.tsx: Identifier 'stripHtml' has already been declared. (143:6)

  141 | };
  142 |
> 143 | const stripHtml = (html: string): string => {
      |       ^
  144 |   if (!html) return "";
  145 |   return html.replace(/<[^>]*>/g, " ").replace(/\s+/g, " ").trim();
  146 | };
  Plugin: vite:react-babel
  File: /Users/zhutianyu/Documents/code/Devops/frontend/src/pages/AllTodosPage.tsx:143:6
  141 |  };
  142 |  
  143 |  const stripHtml = (html: string): string => {
      |        ^
  144 |    if (!html) return "";
  145 |    return html.replace(/<[^>]*>/g, " ").replace(/\s+/g, " ").trim();
      at constructor (/Users/zhutianyu/Documents/code/Devops/frontend/node_modules/@babel/parser/lib/index.js:367:19)
      at TypeScriptParserMixin.raise (/Users/zhutianyu/Documents/code/Devops/frontend/node_modules/@babel/parser/lib/index.js:6624:19)
      at TypeScriptScopeHandler.checkRedeclarationInScope (/Users/zhutianyu/Documents/code/Devops/frontend/node_modules/@babel/parser/lib/index.js:1646:19)
      at TypeScriptScopeHandler.declareName (/Users/zhutianyu/Documents/code/Devops/frontend/node_modules/@babel/parser/lib/index.js:1612:12)
      at TypeScriptScopeHandler.declareName (/Users/zhutianyu/Documents/code/Devops/frontend/node_modules/@babel/parser/lib/index.js:4909:11)
      at TypeScriptParserMixin.declareNameFromIdentifier (/Users/zhutianyu/Documents/code/Devops/frontend/node_modules/@babel/parser/lib/index.js:7594:16)
      at TypeScriptParserMixin.checkIdentifier (/Users/zhutianyu/Documents/code/Devops/frontend/node_modules/@babel/parser/lib/index.js:7590:12)
      at TypeScriptParserMixin.checkLVal (/Users/zhutianyu/Documents/code/Devops/frontend/node_modules/@babel/parser/lib/index.js:7527:12)
      at TypeScriptParserMixin.parseVarId (/Users/zhutianyu/Documents/code/Devops/frontend/node_modules/@babel/parser/lib/index.js:13488:10)
      at TypeScriptParserMixin.parseVarId (/Users/zhutianyu/Documents/code/Devops/frontend/node_modules/@babel/parser/lib/index.js:9805:11)
      at TypeScriptParserMixin.parseVar (/Users/zhutianyu/Documents/code/Devops/frontend/node_modules/@babel/parser/lib/index.js:13459:12)
      at TypeScriptParserMixin.parseVarStatement (/Users/zhutianyu/Documents/code/Devops/frontend/node_modules/@babel/parser/lib/index.js:13306:10)
      at TypeScriptParserMixin.parseVarStatement (/Users/zhutianyu/Documents/code/Devops/frontend/node_modules/@babel/parser/lib/index.js:9469:31)
      at TypeScriptParserMixin.parseStatementContent (/Users/zhutianyu/Documents/code/Devops/frontend/node_modules/@babel/parser/lib/index.js:12927:23)
      at TypeScriptParserMixin.parseStatementContent (/Users/zhutianyu/Documents/code/Devops/frontend/node_modules/@babel/parser/lib/index.js:9569:18)
      at TypeScriptParserMixin.parseStatementLike (/Users/zhutianyu/Documents/code/Devops/frontend/node_modules/@babel/parser/lib/index.js:12843:17)
      at TypeScriptParserMixin.parseModuleItem (/Users/zhutianyu/Documents/code/Devops/frontend/node_modules/@babel/parser/lib/index.js:12820:17)
      at TypeScriptParserMixin.parseBlockOrModuleBlockBody (/Users/zhutianyu/Documents/code/Devops/frontend/node_modules/@babel/parser/lib/index.js:13392:36)
      at TypeScriptParserMixin.parseBlockBody (/Users/zhutianyu/Documents/code/Devops/frontend/node_modules/@babel/parser/lib/index.js:13385:10)
      at TypeScriptParserMixin.parseProgram (/Users/zhutianyu/Documents/code/Devops/frontend/node_modules/@babel/parser/lib/index.js:12698:10)
      at TypeScriptParserMixin.parseTopLevel (/Users/zhutianyu/Documents/code/Devops/frontend/node_modules/@babel/parser/lib/index.js:12688:25)
      at TypeScriptParserMixin.parse (/Users/zhutianyu/Documents/code/Devops/frontend/node_modules/@babel/parser/lib/index.js:14568:25)
      at TypeScriptParserMixin.parse (/Users/zhutianyu/Documents/code/Devops/frontend/node_modules/@babel/parser/lib/index.js:10183:18)
      at parse (/Users/zhutianyu/Documents/code/Devops/frontend/node_modules/@babel/parser/lib/index.js:14602:38)
      at parser (/Users/zhutianyu/Documents/code/Devops/frontend/node_modules/@babel/core/lib/parser/index.js:41:34)
      at parser.next (<anonymous>)
      at normalizeFile (/Users/zhutianyu/Documents/code/Devops/frontend/node_modules/@babel/core/lib/transformation/normalize-file.js:64:37)
      at normalizeFile.next (<anonymous>)
      at run (/Users/zhutianyu/Documents/code/Devops/frontend/node_modules/@babel/core/lib/transformation/index.js:22:50)
      at run.next (<anonymous>)
      at transform (/Users/zhutianyu/Documents/code/Devops/frontend/node_modules/@babel/core/lib/transform.js:22:33)
      at transform.next (<anonymous>)
      at step (/Users/zhutianyu/Documents/code/Devops/frontend/node_modules/gensync/index.js:261:32)
      at /Users/zhutianyu/Documents/code/Devops/frontend/node_modules/gensync/index.js:273:13
      at async.call.result.err.err (/Users/zhutianyu/Documents/code/Devops/frontend/node_modules/gensync/index.js:223:11)
      at /Users/zhutianyu/Documents/code/Devops/frontend/node_modules/gensync/index.js:189:28
      at /Users/zhutianyu/Documents/code/Devops/frontend/node_modules/@babel/core/lib/gensync-utils/async.js:67:7
      at /Users/zhutianyu/Documents/code/Devops/frontend/node_modules/gensync/index.js:113:33
      at step (/Users/zhutianyu/Documents/code/Devops/frontend/node_modules/gensync/index.js:287:14)
      at /Users/zhutianyu/Documents/code/Devops/frontend/node_modules/gensync/index.js:273:13
      at async.call.result.err.err (/Users/zhutianyu/Documents/code/Devops/frontend/node_modules/gensync/index.js:223:11)
3:31:49 PM [vite] (client) Pre-transform error: /Users/zhutianyu/Documents/code/Devops/frontend/src/pages/AllTodosPage.tsx: Identifier 'stripHtml' has already been declared. (143:6)

  141 | };
  142 |
> 143 | const stripHtml = (html: string): string => {
      |       ^
  144 |   if (!html) return "";
  145 |   return html.replace(/<[^>]*>/g, " ").replace(/\s+/g, " ").trim();
  146 | };
  Plugin: vite:react-babel
  File: /Users/zhutianyu/Documents/code/Devops/frontend/src/pages/AllTodosPage.tsx:143:6
  141 |  };
  142 |  
  143 |  const stripHtml = (html: string): string => {
      |        ^
  144 |    if (!html) return "";
  145 |    return html.replace(/<[^>]*>/g, " ").replace(/\s+/g, " ").trim();
3:53:53 PM [vite] (client) hmr update /src/pages/AllTodosPage.tsx
3:54:06 PM [vite] (client) hmr update /src/pages/AllTodosPage.tsx
3:54:15 PM [vite] (client) hmr update /src/pages/AllTodosPage.tsx
3:55:33 PM [vite] (client) hmr update /src/pages/AllTodosPage.tsx
4:02:33 PM [vite] (client) hmr update /src/pages/AllTodosPage.tsx
4:02:42 PM [vite] (client) hmr update /src/App.css
4:23:39 PM [vite] (client) hmr update /src/pages/AllTodosPage.tsx
4:23:47 PM [vite] (client) hmr update /src/App.css
4:25:42 PM [vite] (client) hmr update /src/pages/AllTodosPage.tsx
4:27:38 PM [vite] (client) hmr update /src/App.css
4:37:03 PM [vite] (client) hmr update /src/pages/AllTodosPage.tsx
4:37:10 PM [vite] (client) hmr update /src/App.css
4:38:35 PM [vite] (client) hmr update /src/App.css
4:39:45 PM [vite] (client) hmr update /src/pages/AllTodosPage.tsx
4:39:53 PM [vite] (client) hmr update /src/App.css
4:41:07 PM [vite] (client) hmr update /src/App.css
4:42:36 PM [vite] (client) hmr update /src/pages/AllTodosPage.tsx
4:42:43 PM [vite] (client) hmr update /src/App.css
4:54:29 PM [vite] (client) hmr update /src/pages/AllTodosPage.tsx
9:57:09 AM [vite] (client) hmr update /src/pages/AllTodosPage.tsx
10:02:31 AM [vite] (client) hmr update /src/pages/AllTodosPage.tsx
12:02:35 PM [vite] (client) hmr update /src/pages/AllTodosPage.tsx
12:04:05 PM [vite] (client) hmr update /src/pages/AllTodosPage.tsx
12:12:08 PM [vite] (client) hmr update /src/pages/AllTodosPage.tsx
12:33:13 PM [vite] (client) hmr update /src/pages/AllTodosPage.tsx
2:36:44 PM [vite] (client) hmr update /src/pages/ProjectsPage.tsx
2:46:32 PM [vite] (client) hmr update /src/pages/ProjectsPage.tsx
2:50:39 PM [vite] (client) hmr update /src/pages/ProjectsPage.tsx
2:50:56 PM [vite] (client) hmr update /src/App.css
3:00:26 PM [vite] (client) hmr update /src/pages/ProjectsPage.tsx
3:00:52 PM [vite] (client) hmr update /src/pages/ProjectsPage.tsx
3:04:31 PM [vite] (client) hmr update /src/pages/ProjectsPage.tsx
3:05:14 PM [vite] (client) hmr update /src/pages/ProjectsPage.tsx
3:06:24 PM [vite] (client) hmr update /src/pages/ProjectsPage.tsx
3:08:16 PM [vite] (client) hmr update /src/pages/ProjectsPage.tsx
3:12:40 PM [vite] (client) hmr update /src/pages/AllTodosPage.tsx
3:15:00 PM [vite] (client) hmr update /src/pages/AllTodosPage.tsx
3:18:35 PM [vite] (client) hmr update /src/pages/ProjectsPage.tsx
3:19:20 PM [vite] (client) hmr update /src/pages/ProjectsPage.tsx
3:21:24 PM [vite] (client) hmr update /src/App.tsx, /src/pages/LoginPage.tsx, /src/pages/ProjectsPage.tsx, /src/pages/AllTodosPage.tsx, /src/components/RichTextEditor.tsx
3:21:44 PM [vite] (client) hmr update /src/pages/LoginPage.tsx
3:24:21 PM [vite] (client) hmr update /src/pages/ProjectsPage.tsx
3:28:28 PM [vite] (client) hmr update /src/pages/ProjectsPage.tsx
3:29:43 PM [vite] (client) hmr update /src/pages/AllTodosPage.tsx
3:29:59 PM [vite] (client) hmr update /src/pages/AllTodosPage.tsx
3:30:48 PM [vite] (client) hmr update /src/pages/AllTodosPage.tsx
3:36:40 PM [vite] (client) hmr update /src/App.tsx, /src/pages/LoginPage.tsx, /src/pages/ProjectsPage.tsx, /src/pages/AllTodosPage.tsx, /src/components/RichTextEditor.tsx
3:37:07 PM [vite] (client) hmr update /src/App.tsx
3:42:33 PM [vite] (client) hmr update /src/App.tsx
3:43:06 PM [vite] (client) hmr update /src/App.css
3:43:31 PM [vite] (client) hmr update /src/App.css
3:44:15 PM [vite] (client) hmr update /src/App.tsx
3:44:57 PM [vite] (client) hmr update /src/i18n.tsx
3:44:57 PM [vite] (client) hmr invalidate /src/i18n.tsx Could not Fast Refresh ("useI18n" export is incompatible). Learn more at https://github.com/vitejs/vite-plugin-react/tree/main/packages/plugin-react#consistent-components-exports
3:44:57 PM [vite] (client) hmr update /src/App.tsx, /src/pages/ProjectsPage.tsx, /src/pages/AllTodosPage.tsx
3:54:47 PM [vite] (client) hmr update /src/pages/AllTodosPage.tsx
4:27:03 PM [vite] (client) hmr update /src/App.tsx
4:27:20 PM [vite] (client) hmr update /src/App.tsx
4:28:04 PM [vite] (client) hmr update /src/App.tsx
4:28:34 PM [vite] (client) hmr update /src/pages/AllTodosPage.tsx
4:33:36 PM [vite] (client) hmr update /src/App.tsx
4:35:46 PM [vite] (client) hmr update /src/pages/AllTodosPage.tsx
